  2.1.cpp
  LINK : 没有找到 G:\Demo[C]\Conpoints\Debug\C and Points.exe 或上一个增量链接没有生成它；正在执行完全链接
2.1.obj : error LNK2005: _main 已经在 1.1.obj 中定义
G:\Demo[C]\Conpoints\Debug\C and Points.exe : fatal error LNK1169: 找到一个或多个多重定义的符号
